<?xml version="1.0" encoding="UTF-8"?>
<!-- Generated by org.testng.reporters.JUnitReportReporter -->
<testsuite hostname="INLTWS000025" failures="0" tests="1" name="testjk.testjkns" time="40.130" errors="0" timestamp="2021-08-31T17:26:50 IST" skipped="0">
  <testcase classname="testjk.testjkns" name="testjk" time="40.130"/>
  <system-out/>
</testsuite> <!-- testjk.testjkns -->
