<?xml version="1.0" encoding="UTF-8"?>
<!-- Generated by org.testng.reporters.JUnitReportReporter -->
<testsuite hostname="INLTWS000025" failures="0" tests="1" name="testjk.testjkns" time="9.130" errors="0" timestamp="2021-09-01T13:03:06 IST" skipped="0">
  <testcase classname="testjk.testjkns" name="jen" time="9.130"/>
  <system-out/>
</testsuite> <!-- testjk.testjkns -->
