<?xml version="1.0" encoding="UTF-8"?>
<!-- Generated by org.testng.reporters.JUnitReportReporter -->
<testsuite hostname="INLTWS000025" failures="0" tests="1" name="testjk.testjkns" time="8.422" errors="0" timestamp="2021-08-31T22:55:43 IST" skipped="0">
  <testcase classname="testjk.testjkns" name="jen" time="8.422"/>
  <system-out/>
</testsuite> <!-- testjk.testjkns -->
